[2025-01-20 19:10:49] : Les informations de la souscription de l'offre 10 ont été lues.
[2025-01-20 19:10:49] : Les horaires de l'offre 10 ont été lus.
[2025-01-20 20:10:49] : Les tags de l'offre 10 ont été lus.
[2025-01-20 20:10:49] : Les informations du tag 3 ont été lues.
[2025-01-20 20:10:50] : Les informations du tag 7 ont été lues.
[2025-01-20 20:10:50] : Les informations de la souscription de l'offre 10 ont été lues.
[2025-01-20 20:10:50] : Les informations de la souscription de l'offre 2 ont été lues.
[2025-01-20 20:10:50] : Les horaires de l'offre 2 ont été lus.
[2025-01-20 20:10:50] : Les tags de l'offre 2 ont été lus.
[2025-01-20 20:10:50] : Les informations du tag 1 ont été lues.
[2025-01-20 20:10:50] : Les informations du tag 2 ont été lues.
[2025-01-20 20:10:50] : Les informations du tag 3 ont été lues.
[2025-01-20 20:10:51] : Les informations du tag 4 ont été lues.
[2025-01-20 20:10:51] : Les informations du tag 5 ont été lues.
[2025-01-20 20:10:51] : Les informations du tag 6 ont été lues.
[2025-01-20 20:10:51] : Les informations du tag 7 ont été lues.
[2025-01-20 20:10:51] : Les informations du tag 8 ont été lues.
[2025-01-20 20:10:51] : Les informations du tag 9 ont été lues.
[2025-01-20 20:10:51] : Les informations du tag 10 ont été lues.
[2025-01-20 20:10:51] : Les informations de la souscription de l'offre 2 ont été lues.
[2025-01-20 20:10:51] : Les avis non vus du pro 4 ont été lus.
[2025-01-20 19:10:57] : Les informations de la souscription de l'offre 1 ont été lues.
[2025-01-20 19:10:57] : Les horaires de l'offre 1 ont été lus.
[2025-01-20 20:10:58] : Les informations de la souscription de l'offre 37 ont été lues.
[2025-01-20 20:10:58] : Les horaires de l'offre 37 ont été lus.
[2025-01-20 20:10:59] : Les informations de la souscription de l'offre 38 ont été lues.
[2025-01-20 20:10:59] : Les horaires de l'offre 38 ont été lus.
[2025-01-20 20:11:01] : Les informations de la souscription de l'offre 1 ont été lues.
[2025-01-20 20:11:01] : Les horaires de l'offre 1 ont été lus.
[2025-01-20 20:11:01] : Les informations du professionnel public 5 ont été lues.
[2025-01-20 20:11:01] : Les informations de la souscription de l'offre 4 ont été lues.
[2025-01-20 20:11:01] : Les horaires de l'offre 4 ont été lus.
[2025-01-20 20:11:01] : Les informations du professionnel public 1 ont été lues.
[2025-01-20 20:11:02] : Les informations de la souscription de l'offre 3 ont été lues.
[2025-01-20 20:11:02] : Les horaires de l'offre 3 ont été lus.
[2025-01-20 20:11:02] : Les informations de la souscription de l'offre 38 ont été lues.
[2025-01-20 20:11:03] : Les horaires de l'offre 38 ont été lus.
[2025-01-20 19:11:05] : Les informations de la souscription de l'offre 37 ont été lues.
[2025-01-20 19:11:05] : Les horaires de l'offre 37 ont été lus.
[2025-01-20 20:11:05] : Les tags de l'offre 37 ont été lus.
[2025-01-20 20:11:05] : Les tags de l'offre 37 ont été lus.
[2025-01-20 20:11:06] : Les informations de la souscription de l'offre 1 ont été lues.
[2025-01-20 20:11:06] : Les horaires de l'offre 1 ont été lus.
[2025-01-20 20:11:06] : Les tags de l'offre 1 ont été lus.
[2025-01-20 20:11:06] : Les informations du tag 1 ont été lues.
[2025-01-20 20:11:06] : Les informations du tag 2 ont été lues.
[2025-01-20 20:11:06] : Les tags de l'offre 1 ont été lus.
[2025-01-20 20:11:06] : Les informations du tag 1 ont été lues.
[2025-01-20 20:11:06] : Les informations du tag 2 ont été lues.
[2025-01-20 20:11:07] : Les informations de la souscription de l'offre 11 ont été lues.
[2025-01-20 20:11:07] : Les horaires de l'offre 11 ont été lus.
[2025-01-20 20:11:07] : Les tags de l'offre 11 ont été lus.
[2025-01-20 20:11:07] : Les informations du tag 3 ont été lues.
[2025-01-20 20:11:08] : Les informations du tag 4 ont été lues.
[2025-01-20 20:11:08] : Les tags de l'offre 11 ont été lus.
[2025-01-20 20:11:08] : Les informations du tag 3 ont été lues.
[2025-01-20 20:11:08] : Les informations du tag 4 ont été lues.
[2025-01-20 20:11:08] : Les informations du professionnel public 1 ont été lues.
[2025-01-20 20:11:08] : Les informations de la souscription de l'offre 3 ont été lues.
[2025-01-20 20:11:08] : Les horaires de l'offre 3 ont été lus.
[2025-01-20 20:11:08] : Les tags de l'offre 3 ont été lus.
[2025-01-20 20:11:08] : Les informations du tag 11 ont été lues.
[2025-01-20 20:11:09] : Les informations du tag 7 ont été lues.
[2025-01-20 20:11:09] : Les informations du tag 10 ont été lues.
[2025-01-20 20:11:09] : Les informations du tag 1 ont été lues.
[2025-01-20 20:11:09] : Les tags de l'offre 3 ont été lus.
[2025-01-20 20:11:09] : Les informations du tag 11 ont été lues.
[2025-01-20 20:11:09] : Les informations du tag 7 ont été lues.
[2025-01-20 20:11:09] : Les informations du tag 10 ont été lues.
[2025-01-20 20:11:09] : Les informations du tag 1 ont été lues.
[2025-01-20 20:11:09] : Les informations du professionnel public 5 ont été lues.
[2025-01-20 20:11:09] : Les informations de la souscription de l'offre 4 ont été lues.
[2025-01-20 20:11:10] : Les horaires de l'offre 4 ont été lus.
[2025-01-20 20:11:10] : Les tags de l'offre 4 ont été lus.
[2025-01-20 20:11:10] : Les informations du tag 12 ont été lues.
[2025-01-20 20:11:10] : Les informations du tag 7 ont été lues.
[2025-01-20 20:11:10] : Les tags de l'offre 4 ont été lus.
[2025-01-20 20:11:10] : Les informations du tag 12 ont été lues.
[2025-01-20 20:11:10] : Les informations du tag 7 ont été lues.
[2025-01-20 20:11:10] : Les informations du professionnel public 6 ont été lues.
[2025-01-20 20:11:11] : Les informations de la souscription de l'offre 5 ont été lues.
[2025-01-20 20:11:11] : Les horaires de l'offre 5 ont été lus.
[2025-01-20 20:11:11] : Les tags de l'offre 5 ont été lus.
[2025-01-20 20:11:11] : Les informations du tag 12 ont été lues.
[2025-01-20 20:11:11] : Les informations du tag 13 ont été lues.
[2025-01-20 20:11:11] : Les informations du tag 14 ont été lues.
[2025-01-20 20:11:11] : Les informations du tag 15 ont été lues.
[2025-01-20 20:11:11] : Les informations du tag 7 ont été lues.
[2025-01-20 20:11:11] : Les tags de l'offre 5 ont été lus.
[2025-01-20 20:11:11] : Les informations du tag 12 ont été lues.
[2025-01-20 20:11:11] : Les informations du tag 13 ont été lues.
[2025-01-20 20:11:11] : Les informations du tag 14 ont été lues.
[2025-01-20 20:11:11] : Les informations du tag 15 ont été lues.
[2025-01-20 20:11:11] : Les informations du tag 7 ont été lues.
[2025-01-20 20:11:12] : Les informations de la souscription de l'offre 38 ont été lues.
[2025-01-20 20:11:12] : Les horaires de l'offre 38 ont été lus.
[2025-01-20 20:11:12] : Les tags de l'offre 38 ont été lus.
[2025-01-20 20:11:12] : Les informations du tag 13 ont été lues.
[2025-01-20 20:11:12] : Les informations du tag 14 ont été lues.
[2025-01-20 20:11:12] : Les tags de l'offre 38 ont été lus.
[2025-01-20 20:11:12] : Les informations du tag 13 ont été lues.
[2025-01-20 20:11:12] : Les informations du tag 14 ont été lues.
[2025-01-20 20:11:13] : Les informations de la souscription de l'offre 10 ont été lues.
[2025-01-20 20:11:13] : Les horaires de l'offre 10 ont été lus.
[2025-01-20 20:11:13] : Les tags de l'offre 10 ont été lus.
[2025-01-20 20:11:13] : Les informations du tag 3 ont été lues.
[2025-01-20 20:11:13] : Les informations du tag 7 ont été lues.
[2025-01-20 20:11:13] : Les tags de l'offre 10 ont été lus.
[2025-01-20 20:11:13] : Les informations du tag 3 ont été lues.
[2025-01-20 20:11:13] : Les informations du tag 7 ont été lues.
[2025-01-20 20:11:14] : Les informations de la souscription de l'offre 2 ont été lues.
[2025-01-20 20:11:14] : Les horaires de l'offre 2 ont été lus.
[2025-01-20 20:11:14] : Les tags de l'offre 2 ont été lus.
[2025-01-20 20:11:14] : Les informations du tag 1 ont été lues.
[2025-01-20 20:11:14] : Les informations du tag 2 ont été lues.
[2025-01-20 20:11:14] : Les informations du tag 3 ont été lues.
[2025-01-20 20:11:14] : Les informations du tag 4 ont été lues.
[2025-01-20 20:11:14] : Les informations du tag 5 ont été lues.
[2025-01-20 20:11:14] : Les informations du tag 6 ont été lues.
[2025-01-20 20:11:14] : Les informations du tag 7 ont été lues.
[2025-01-20 20:11:14] : Les informations du tag 8 ont été lues.
[2025-01-20 20:11:15] : Les informations du tag 9 ont été lues.
[2025-01-20 20:11:15] : Les informations du tag 10 ont été lues.
[2025-01-20 20:11:15] : Les tags de l'offre 2 ont été lus.
[2025-01-20 20:11:15] : Les informations du tag 1 ont été lues.
[2025-01-20 20:11:15] : Les informations du tag 2 ont été lues.
[2025-01-20 20:11:15] : Les informations du tag 3 ont été lues.
[2025-01-20 20:11:15] : Les informations du tag 4 ont été lues.
[2025-01-20 20:11:15] : Les informations du tag 5 ont été lues.
[2025-01-20 20:11:15] : Les informations du tag 6 ont été lues.
[2025-01-20 20:11:15] : Les informations du tag 7 ont été lues.
[2025-01-20 20:11:15] : Les informations du tag 8 ont été lues.
[2025-01-20 20:11:15] : Les informations du tag 9 ont été lues.
[2025-01-20 20:11:15] : Les informations du tag 10 ont été lues.
[2025-01-20 19:12:49] : Les informations de la souscription de l'offre 1 ont été lues.
[2025-01-20 19:12:49] : Les horaires de l'offre 1 ont été lus.
[2025-01-20 20:12:50] : Les informations de la souscription de l'offre 37 ont été lues.
[2025-01-20 20:12:50] : Les horaires de l'offre 37 ont été lus.
[2025-01-20 20:12:51] : Les informations de la souscription de l'offre 38 ont été lues.
[2025-01-20 20:12:51] : Les horaires de l'offre 38 ont été lus.
[2025-01-20 20:12:53] : Les informations de la souscription de l'offre 1 ont été lues.
[2025-01-20 20:12:53] : Les horaires de l'offre 1 ont été lus.
[2025-01-20 20:12:53] : Les informations du professionnel public 5 ont été lues.
[2025-01-20 20:12:53] : Les informations de la souscription de l'offre 4 ont été lues.
[2025-01-20 20:12:54] : Les horaires de l'offre 4 ont été lus.
[2025-01-20 20:12:54] : Les informations du professionnel public 1 ont été lues.
[2025-01-20 20:12:54] : Les informations de la souscription de l'offre 3 ont été lues.
[2025-01-20 20:12:54] : Les horaires de l'offre 3 ont été lus.
[2025-01-20 20:12:55] : Les informations de la souscription de l'offre 38 ont été lues.
[2025-01-20 20:12:55] : Les horaires de l'offre 38 ont été lus.
[2025-01-21 07:32:46] : Les informations de la souscription de l'offre 1 ont été lues.
[2025-01-21 07:32:46] : Les horaires de l'offre 1 ont été lus.
[2025-01-21 08:32:47] : Les informations de la souscription de l'offre 37 ont été lues.
[2025-01-21 08:32:47] : Les horaires de l'offre 37 ont été lus.
[2025-01-21 08:32:48] : Les informations de la souscription de l'offre 38 ont été lues.
[2025-01-21 08:32:48] : Les horaires de l'offre 38 ont été lus.
[2025-01-21 08:32:50] : Les informations de la souscription de l'offre 1 ont été lues.
[2025-01-21 08:32:50] : Les horaires de l'offre 1 ont été lus.
[2025-01-21 08:32:51] : Les informations du professionnel public 5 ont été lues.
[2025-01-21 08:32:51] : Les informations de la souscription de l'offre 4 ont été lues.
[2025-01-21 08:32:51] : Les horaires de l'offre 4 ont été lus.
[2025-01-21 08:32:51] : Les informations du professionnel public 1 ont été lues.
[2025-01-21 08:32:52] : Les informations de la souscription de l'offre 3 ont été lues.
[2025-01-21 08:32:52] : Les horaires de l'offre 3 ont été lus.
[2025-01-21 08:32:52] : Les informations de la souscription de l'offre 38 ont été lues.
[2025-01-21 08:32:53] : Les horaires de l'offre 38 ont été lus.
[2025-01-21 07:39:15] : Les informations de la souscription de l'offre 1 ont été lues.
[2025-01-21 07:39:15] : Les horaires de l'offre 1 ont été lus.
[2025-01-21 08:39:16] : Les informations de la souscription de l'offre 37 ont été lues.
[2025-01-21 08:39:17] : Les horaires de l'offre 37 ont été lus.
[2025-01-21 08:39:17] : Les informations de la souscription de l'offre 38 ont été lues.
[2025-01-21 08:39:18] : Les horaires de l'offre 38 ont été lus.
[2025-01-21 08:39:20] : Les informations de la souscription de l'offre 1 ont été lues.
[2025-01-21 08:39:20] : Les horaires de l'offre 1 ont été lus.
[2025-01-21 08:39:20] : Les informations du professionnel public 5 ont été lues.
[2025-01-21 08:39:21] : Les informations de la souscription de l'offre 4 ont été lues.
[2025-01-21 08:39:21] : Les horaires de l'offre 4 ont été lus.
[2025-01-21 08:39:21] : Les informations du professionnel public 1 ont été lues.
[2025-01-21 08:39:21] : Les informations de la souscription de l'offre 3 ont été lues.
[2025-01-21 08:39:22] : Les horaires de l'offre 3 ont été lus.
[2025-01-21 08:39:22] : Les informations de la souscription de l'offre 38 ont été lues.
[2025-01-21 08:39:22] : Les horaires de l'offre 38 ont été lus.
[2025-01-21 07:39:38] : Les informations de la souscription de l'offre 1 ont été lues.
[2025-01-21 07:39:38] : Les horaires de l'offre 1 ont été lus.
[2025-01-21 08:39:39] : Les informations de la souscription de l'offre 37 ont été lues.
[2025-01-21 08:39:39] : Les horaires de l'offre 37 ont été lus.
[2025-01-21 08:39:39] : Les informations de la souscription de l'offre 38 ont été lues.
[2025-01-21 08:39:40] : Les horaires de l'offre 38 ont été lus.
[2025-01-21 08:39:42] : Les informations de la souscription de l'offre 1 ont été lues.
[2025-01-21 08:39:42] : Les horaires de l'offre 1 ont été lus.
[2025-01-21 08:39:42] : Les informations du professionnel public 5 ont été lues.
[2025-01-21 08:39:42] : Les informations de la souscription de l'offre 4 ont été lues.
[2025-01-21 08:39:43] : Les horaires de l'offre 4 ont été lus.
[2025-01-21 08:39:43] : Les informations du professionnel public 1 ont été lues.
[2025-01-21 08:39:43] : Les informations de la souscription de l'offre 3 ont été lues.
[2025-01-21 08:39:43] : Les horaires de l'offre 3 ont été lus.
[2025-01-21 08:39:44] : Les informations de la souscription de l'offre 38 ont été lues.
[2025-01-21 08:39:44] : Les horaires de l'offre 38 ont été lus.
[2025-01-21 07:40:05] : Les informations de la souscription de l'offre 1 ont été lues.
[2025-01-21 07:40:06] : Les horaires de l'offre 1 ont été lus.
[2025-01-21 08:40:07] : Les informations de la souscription de l'offre 37 ont été lues.
[2025-01-21 08:40:07] : Les horaires de l'offre 37 ont été lus.
[2025-01-21 08:40:07] : Les informations de la souscription de l'offre 38 ont été lues.
[2025-01-21 08:40:07] : Les horaires de l'offre 38 ont été lus.
[2025-01-21 08:40:10] : Les informations de la souscription de l'offre 1 ont été lues.
[2025-01-21 08:40:10] : Les horaires de l'offre 1 ont été lus.
[2025-01-21 08:40:10] : Les informations du professionnel public 5 ont été lues.
[2025-01-21 08:40:10] : Les informations de la souscription de l'offre 4 ont été lues.
[2025-01-21 08:40:11] : Les horaires de l'offre 4 ont été lus.
[2025-01-21 08:40:11] : Les informations du professionnel public 1 ont été lues.
[2025-01-21 08:40:11] : Les informations de la souscription de l'offre 3 ont été lues.
[2025-01-21 08:40:11] : Les horaires de l'offre 3 ont été lus.
[2025-01-21 08:40:12] : Les informations de la souscription de l'offre 38 ont été lues.
[2025-01-21 08:40:12] : Les horaires de l'offre 38 ont été lus.
[2025-01-21 07:40:41] : Les informations de la souscription de l'offre 10 ont été lues.
[2025-01-21 07:40:41] : Les horaires de l'offre 10 ont été lus.
[2025-01-21 08:40:41] : Les tags de l'offre 10 ont été lus.
[2025-01-21 08:40:41] : Les informations du tag 3 ont été lues.
[2025-01-21 08:40:41] : Les informations du tag 7 ont été lues.
[2025-01-21 08:40:41] : Les informations de la souscription de l'offre 10 ont été lues.
[2025-01-21 08:40:42] : Les informations de la souscription de l'offre 2 ont été lues.
[2025-01-21 08:40:42] : Les horaires de l'offre 2 ont été lus.
[2025-01-21 08:40:42] : Les tags de l'offre 2 ont été lus.
[2025-01-21 08:40:42] : Les informations du tag 1 ont été lues.
[2025-01-21 08:40:42] : Les informations du tag 2 ont été lues.
[2025-01-21 08:40:42] : Les informations du tag 3 ont été lues.
[2025-01-21 08:40:42] : Les informations du tag 4 ont été lues.
[2025-01-21 08:40:42] : Les informations du tag 5 ont été lues.
[2025-01-21 08:40:42] : Les informations du tag 6 ont été lues.
[2025-01-21 08:40:42] : Les informations du tag 7 ont été lues.
[2025-01-21 08:40:42] : Les informations du tag 8 ont été lues.
[2025-01-21 08:40:42] : Les informations du tag 9 ont été lues.
[2025-01-21 08:40:42] : Les informations du tag 10 ont été lues.
[2025-01-21 08:40:42] : Les informations de la souscription de l'offre 2 ont été lues.
[2025-01-21 08:40:43] : Les avis non vus du pro 4 ont été lus.
[2025-01-21 07:43:33] : Les informations de la souscription de l'offre 10 ont été lues.
[2025-01-21 07:43:33] : Les horaires de l'offre 10 ont été lus.
[2025-01-21 08:43:33] : Les tags de l'offre 10 ont été lus.
[2025-01-21 08:43:33] : Les informations du tag 3 ont été lues.
[2025-01-21 08:43:33] : Les informations du tag 7 ont été lues.
[2025-01-21 08:43:33] : Les informations de la souscription de l'offre 10 ont été lues.
[2025-01-21 08:44:00] : Les informations de la souscription de l'offre 2 ont été lues.
[2025-01-21 08:44:00] : Les horaires de l'offre 2 ont été lus.
[2025-01-21 08:44:00] : Les tags de l'offre 2 ont été lus.
[2025-01-21 08:44:00] : Les informations du tag 1 ont été lues.
[2025-01-21 08:44:00] : Les informations du tag 2 ont été lues.
[2025-01-21 08:44:01] : Les informations du tag 3 ont été lues.
[2025-01-21 08:44:01] : Les informations du tag 4 ont été lues.
[2025-01-21 08:44:01] : Les informations du tag 5 ont été lues.
[2025-01-21 08:44:01] : Les informations du tag 6 ont été lues.
[2025-01-21 08:44:01] : Les informations du tag 7 ont été lues.
[2025-01-21 08:44:01] : Les informations du tag 8 ont été lues.
[2025-01-21 08:44:01] : Les informations du tag 9 ont été lues.
[2025-01-21 08:44:01] : Les informations du tag 10 ont été lues.
[2025-01-21 08:44:01] : Les informations de la souscription de l'offre 2 ont été lues.
[2025-01-21 08:44:01] : Les avis non vus du pro 4 ont été lus.
[2025-01-21 07:44:13] : Les informations de la souscription de l'offre 10 ont été lues.
[2025-01-21 07:44:13] : Les horaires de l'offre 10 ont été lus.
[2025-01-21 08:44:14] : Les tags de l'offre 10 ont été lus.
[2025-01-21 08:44:14] : Les informations du tag 3 ont été lues.
[2025-01-21 08:44:14] : Les informations du tag 7 ont été lues.
[2025-01-21 08:44:14] : Les informations de la souscription de l'offre 10 ont été lues.
[2025-01-21 08:44:14] : Les informations de la souscription de l'offre 2 ont été lues.
[2025-01-21 08:44:14] : Les horaires de l'offre 2 ont été lus.
[2025-01-21 08:44:15] : Les tags de l'offre 2 ont été lus.
[2025-01-21 08:44:15] : Les informations du tag 1 ont été lues.
[2025-01-21 08:44:15] : Les informations du tag 2 ont été lues.
[2025-01-21 08:44:15] : Les informations du tag 3 ont été lues.
[2025-01-21 08:44:15] : Les informations du tag 4 ont été lues.
[2025-01-21 08:44:15] : Les informations du tag 5 ont été lues.
[2025-01-21 08:44:15] : Les informations du tag 6 ont été lues.
[2025-01-21 08:44:15] : Les informations du tag 7 ont été lues.
[2025-01-21 08:44:15] : Les informations du tag 8 ont été lues.
[2025-01-21 08:44:15] : Les informations du tag 9 ont été lues.
[2025-01-21 08:44:15] : Les informations du tag 10 ont été lues.
[2025-01-21 08:44:15] : Les informations de la souscription de l'offre 2 ont été lues.
[2025-01-21 08:44:15] : Les avis non vus du pro 4 ont été lus.
[2025-01-21 07:48:44] : Les informations de la souscription de l'offre 10 ont été lues.
[2025-01-21 07:48:44] : Les horaires de l'offre 10 ont été lus.
[2025-01-21 08:48:44] : Les tags de l'offre 10 ont été lus.
[2025-01-21 08:48:44] : Les informations du tag 3 ont été lues.
[2025-01-21 08:48:44] : Les informations du tag 7 ont été lues.
[2025-01-21 08:48:44] : Les informations de la souscription de l'offre 10 ont été lues.
[2025-01-21 08:48:45] : Les informations de la souscription de l'offre 2 ont été lues.
[2025-01-21 08:48:45] : Les horaires de l'offre 2 ont été lus.
[2025-01-21 08:48:45] : Les tags de l'offre 2 ont été lus.
[2025-01-21 08:48:45] : Les informations du tag 1 ont été lues.
[2025-01-21 08:48:45] : Les informations du tag 2 ont été lues.
[2025-01-21 08:48:45] : Les informations du tag 3 ont été lues.
[2025-01-21 08:48:45] : Les informations du tag 4 ont été lues.
[2025-01-21 08:48:45] : Les informations du tag 5 ont été lues.
[2025-01-21 08:48:45] : Les informations du tag 6 ont été lues.
[2025-01-21 08:48:45] : Les informations du tag 7 ont été lues.
[2025-01-21 08:48:45] : Les informations du tag 8 ont été lues.
[2025-01-21 08:48:46] : Les informations du tag 9 ont été lues.
[2025-01-21 08:48:46] : Les informations du tag 10 ont été lues.
[2025-01-21 08:48:46] : Les informations de la souscription de l'offre 2 ont été lues.
[2025-01-21 08:48:46] : Les avis non vus du pro 4 ont été lus.
[2025-01-21 07:49:23] : Les informations de la souscription de l'offre 10 ont été lues.
[2025-01-21 07:49:23] : Les horaires de l'offre 10 ont été lus.
[2025-01-21 08:49:23] : Les tags de l'offre 10 ont été lus.
[2025-01-21 08:49:23] : Les informations du tag 3 ont été lues.
[2025-01-21 08:49:23] : Les informations du tag 7 ont été lues.
[2025-01-21 08:49:23] : Les informations de la souscription de l'offre 10 ont été lues.
[2025-01-21 08:49:24] : Les informations de la souscription de l'offre 2 ont été lues.
[2025-01-21 08:49:24] : Les horaires de l'offre 2 ont été lus.
[2025-01-21 08:49:24] : Les tags de l'offre 2 ont été lus.
[2025-01-21 08:49:24] : Les informations du tag 1 ont été lues.
[2025-01-21 08:49:24] : Les informations du tag 2 ont été lues.
[2025-01-21 08:49:24] : Les informations du tag 3 ont été lues.
[2025-01-21 08:49:24] : Les informations du tag 4 ont été lues.
[2025-01-21 08:49:24] : Les informations du tag 5 ont été lues.
[2025-01-21 08:49:25] : Les informations du tag 6 ont été lues.
[2025-01-21 08:49:25] : Les informations du tag 7 ont été lues.
[2025-01-21 08:49:25] : Les informations du tag 8 ont été lues.
[2025-01-21 08:49:25] : Les informations du tag 9 ont été lues.
[2025-01-21 08:49:25] : Les informations du tag 10 ont été lues.
[2025-01-21 08:49:25] : Les informations de la souscription de l'offre 2 ont été lues.
[2025-01-21 08:49:25] : Les avis non vus du pro 4 ont été lus.
[2025-01-21 07:50:53] : Les informations de la souscription de l'offre 10 ont été lues.
[2025-01-21 07:50:54] : Les horaires de l'offre 10 ont été lus.
[2025-01-21 08:50:54] : Les tags de l'offre 10 ont été lus.
[2025-01-21 08:50:54] : Les informations du tag 3 ont été lues.
[2025-01-21 08:50:54] : Les informations du tag 7 ont été lues.
[2025-01-21 08:50:54] : Les informations de la souscription de l'offre 10 ont été lues.
[2025-01-21 08:50:54] : Les informations de la souscription de l'offre 2 ont été lues.
[2025-01-21 08:50:55] : Les horaires de l'offre 2 ont été lus.
[2025-01-21 08:50:55] : Les tags de l'offre 2 ont été lus.
[2025-01-21 08:50:55] : Les informations du tag 1 ont été lues.
[2025-01-21 08:50:55] : Les informations du tag 2 ont été lues.
[2025-01-21 08:50:55] : Les informations du tag 3 ont été lues.
[2025-01-21 08:50:55] : Les informations du tag 4 ont été lues.
[2025-01-21 08:50:55] : Les informations du tag 5 ont été lues.
[2025-01-21 08:50:55] : Les informations du tag 6 ont été lues.
[2025-01-21 08:50:55] : Les informations du tag 7 ont été lues.
[2025-01-21 08:50:55] : Les informations du tag 8 ont été lues.
[2025-01-21 08:50:55] : Les informations du tag 9 ont été lues.
[2025-01-21 08:50:55] : Les informations du tag 10 ont été lues.
[2025-01-21 08:50:55] : Les informations de la souscription de l'offre 2 ont été lues.
[2025-01-21 08:50:55] : Les avis non vus du pro 4 ont été lus.
[2025-01-21 07:52:17] : Les informations de la souscription de l'offre 10 ont été lues.
[2025-01-21 07:52:17] : Les horaires de l'offre 10 ont été lus.
[2025-01-21 08:52:17] : Les tags de l'offre 10 ont été lus.
[2025-01-21 08:52:17] : Les informations du tag 3 ont été lues.
[2025-01-21 08:52:17] : Les informations du tag 7 ont été lues.
[2025-01-21 08:52:17] : Les informations de la souscription de l'offre 10 ont été lues.
[2025-01-21 08:52:18] : Les informations de la souscription de l'offre 2 ont été lues.
[2025-01-21 08:52:18] : Les horaires de l'offre 2 ont été lus.
[2025-01-21 08:52:18] : Les tags de l'offre 2 ont été lus.
[2025-01-21 08:52:18] : Les informations du tag 1 ont été lues.
[2025-01-21 08:52:18] : Les informations du tag 2 ont été lues.
[2025-01-21 08:52:18] : Les informations du tag 3 ont été lues.
[2025-01-21 08:52:18] : Les informations du tag 4 ont été lues.
[2025-01-21 08:52:18] : Les informations du tag 5 ont été lues.
[2025-01-21 08:52:18] : Les informations du tag 6 ont été lues.
[2025-01-21 08:52:18] : Les informations du tag 7 ont été lues.
[2025-01-21 08:52:18] : Les informations du tag 8 ont été lues.
[2025-01-21 08:52:18] : Les informations du tag 9 ont été lues.
[2025-01-21 08:52:19] : Les informations du tag 10 ont été lues.
[2025-01-21 08:52:19] : Les informations de la souscription de l'offre 2 ont été lues.
[2025-01-21 08:52:19] : Les avis non vus du pro 4 ont été lus.
[2025-01-21 07:52:43] : Les informations de la souscription de l'offre 10 ont été lues.
[2025-01-21 07:52:43] : Les horaires de l'offre 10 ont été lus.
[2025-01-21 08:52:44] : Les tags de l'offre 10 ont été lus.
[2025-01-21 08:52:44] : Les informations du tag 3 ont été lues.
[2025-01-21 08:52:44] : Les informations du tag 7 ont été lues.
[2025-01-21 08:52:44] : Les informations de la souscription de l'offre 10 ont été lues.
[2025-01-21 08:52:44] : Les informations de la souscription de l'offre 2 ont été lues.
[2025-01-21 08:52:45] : Les horaires de l'offre 2 ont été lus.
[2025-01-21 08:52:45] : Les tags de l'offre 2 ont été lus.
[2025-01-21 08:52:45] : Les informations du tag 1 ont été lues.
[2025-01-21 08:52:45] : Les informations du tag 2 ont été lues.
[2025-01-21 08:52:45] : Les informations du tag 3 ont été lues.
[2025-01-21 08:52:45] : Les informations du tag 4 ont été lues.
[2025-01-21 08:52:45] : Les informations du tag 5 ont été lues.
[2025-01-21 08:52:45] : Les informations du tag 6 ont été lues.
[2025-01-21 08:52:45] : Les informations du tag 7 ont été lues.
[2025-01-21 08:52:45] : Les informations du tag 8 ont été lues.
[2025-01-21 08:52:45] : Les informations du tag 9 ont été lues.
[2025-01-21 08:52:46] : Les informations du tag 10 ont été lues.
[2025-01-21 08:52:46] : Les informations de la souscription de l'offre 2 ont été lues.
[2025-01-21 08:52:46] : Les avis non vus du pro 4 ont été lus.
[2025-01-21 07:54:42] : Les informations de la souscription de l'offre 10 ont été lues.
[2025-01-21 07:54:42] : Les horaires de l'offre 10 ont été lus.
[2025-01-21 08:54:43] : Les tags de l'offre 10 ont été lus.
[2025-01-21 08:54:43] : Les informations du tag 3 ont été lues.
[2025-01-21 08:54:43] : Les informations du tag 7 ont été lues.
[2025-01-21 08:54:43] : Les informations de la souscription de l'offre 10 ont été lues.
[2025-01-21 08:54:44] : Les informations de la souscription de l'offre 2 ont été lues.
[2025-01-21 08:54:45] : Les horaires de l'offre 2 ont été lus.
[2025-01-21 08:54:45] : Les tags de l'offre 2 ont été lus.
[2025-01-21 08:54:46] : Les informations du tag 1 ont été lues.
[2025-01-21 08:54:46] : Les informations du tag 2 ont été lues.
[2025-01-21 08:54:46] : Les informations du tag 3 ont été lues.
[2025-01-21 08:54:46] : Les informations du tag 4 ont été lues.
[2025-01-21 08:54:46] : Les informations du tag 5 ont été lues.
[2025-01-21 08:54:46] : Les informations du tag 6 ont été lues.
[2025-01-21 08:54:46] : Les informations du tag 7 ont été lues.
[2025-01-21 08:54:46] : Les informations du tag 8 ont été lues.
[2025-01-21 08:54:47] : Les informations du tag 9 ont été lues.
[2025-01-21 08:54:47] : Les informations du tag 10 ont été lues.
[2025-01-21 08:54:47] : Les informations de la souscription de l'offre 2 ont été lues.
[2025-01-21 08:54:47] : Les avis non vus du pro 4 ont été lus.
[2025-01-21 07:57:06] : Les informations de la souscription de l'offre 10 ont été lues.
[2025-01-21 07:57:06] : Les horaires de l'offre 10 ont été lus.
[2025-01-21 08:57:06] : Les tags de l'offre 10 ont été lus.
[2025-01-21 08:57:06] : Les informations du tag 3 ont été lues.
[2025-01-21 08:57:06] : Les informations du tag 7 ont été lues.
[2025-01-21 08:57:06] : Les informations de la souscription de l'offre 10 ont été lues.
[2025-01-21 08:57:07] : Les informations de la souscription de l'offre 2 ont été lues.
[2025-01-21 08:57:07] : Les horaires de l'offre 2 ont été lus.
[2025-01-21 08:57:07] : Les tags de l'offre 2 ont été lus.
[2025-01-21 08:57:07] : Les informations du tag 1 ont été lues.
[2025-01-21 08:57:07] : Les informations du tag 2 ont été lues.
[2025-01-21 08:57:07] : Les informations du tag 3 ont été lues.
[2025-01-21 08:57:07] : Les informations du tag 4 ont été lues.
[2025-01-21 08:57:08] : Les informations du tag 5 ont été lues.
[2025-01-21 08:57:08] : Les informations du tag 6 ont été lues.
[2025-01-21 08:57:08] : Les informations du tag 7 ont été lues.
[2025-01-21 08:57:08] : Les informations du tag 8 ont été lues.
[2025-01-21 08:57:08] : Les informations du tag 9 ont été lues.
[2025-01-21 08:57:08] : Les informations du tag 10 ont été lues.
[2025-01-21 08:57:08] : Les informations de la souscription de l'offre 2 ont été lues.
[2025-01-21 08:57:08] : Les avis non vus du pro 4 ont été lus.
[2025-01-21 07:57:15] : Les informations de la souscription de l'offre 10 ont été lues.
[2025-01-21 07:57:15] : Les horaires de l'offre 10 ont été lus.
[2025-01-21 08:57:15] : Les tags de l'offre 10 ont été lus.
[2025-01-21 08:57:15] : Les informations du tag 3 ont été lues.
[2025-01-21 08:57:15] : Les informations du tag 7 ont été lues.
[2025-01-21 08:57:15] : Les informations de la souscription de l'offre 10 ont été lues.
[2025-01-21 08:57:16] : Les informations de la souscription de l'offre 2 ont été lues.
[2025-01-21 08:57:16] : Les horaires de l'offre 2 ont été lus.
[2025-01-21 08:57:16] : Les tags de l'offre 2 ont été lus.
[2025-01-21 08:57:16] : Les informations du tag 1 ont été lues.
[2025-01-21 08:57:16] : Les informations du tag 2 ont été lues.
[2025-01-21 08:57:16] : Les informations du tag 3 ont été lues.
[2025-01-21 08:57:16] : Les informations du tag 4 ont été lues.
[2025-01-21 08:57:16] : Les informations du tag 5 ont été lues.
[2025-01-21 08:57:16] : Les informations du tag 6 ont été lues.
[2025-01-21 08:57:16] : Les informations du tag 7 ont été lues.
[2025-01-21 08:57:16] : Les informations du tag 8 ont été lues.
[2025-01-21 08:57:16] : Les informations du tag 9 ont été lues.
[2025-01-21 08:57:16] : Les informations du tag 10 ont été lues.
[2025-01-21 08:57:16] : Les informations de la souscription de l'offre 2 ont été lues.
[2025-01-21 08:57:17] : Les avis non vus du pro 4 ont été lus.
[2025-01-27 13:14:20] : Les informations de la souscription de l'offre 1 ont été lues.
[2025-01-27 13:14:20] : Les horaires de l'offre 1 ont été lus.
[2025-01-27 14:14:21] : Les informations de la souscription de l'offre 37 ont été lues.
[2025-01-27 14:14:21] : Les horaires de l'offre 37 ont été lus.
[2025-01-27 14:14:22] : Les informations de la souscription de l'offre 38 ont été lues.
[2025-01-27 14:14:22] : Les horaires de l'offre 38 ont été lus.
[2025-01-27 14:14:24] : Les informations de la souscription de l'offre 1 ont été lues.
[2025-01-27 14:14:25] : Les horaires de l'offre 1 ont été lus.
[2025-01-27 14:14:25] : Les informations du professionnel public 5 ont été lues.
[2025-01-27 14:14:25] : Les informations de la souscription de l'offre 4 ont été lues.
[2025-01-27 14:14:25] : Les horaires de l'offre 4 ont été lus.
[2025-01-27 14:14:26] : Les informations du professionnel public 1 ont été lues.
[2025-01-27 14:14:26] : Les informations de la souscription de l'offre 3 ont été lues.
[2025-01-27 14:14:26] : Les horaires de l'offre 3 ont été lus.
[2025-01-27 14:14:27] : Les informations de la souscription de l'offre 38 ont été lues.
[2025-01-27 14:14:27] : Les horaires de l'offre 38 ont été lus.
[2025-01-27 13:15:21] : Les informations de la souscription de l'offre 1 ont été lues.
[2025-01-27 13:15:21] : Les horaires de l'offre 1 ont été lus.
[2025-01-27 14:15:23] : Les informations de la souscription de l'offre 37 ont été lues.
[2025-01-27 14:15:23] : Les horaires de l'offre 37 ont été lus.
[2025-01-27 14:15:23] : Les informations de la souscription de l'offre 38 ont été lues.
[2025-01-27 14:15:23] : Les horaires de l'offre 38 ont été lus.
[2025-01-27 14:15:26] : Les informations de la souscription de l'offre 1 ont été lues.
[2025-01-27 14:15:26] : Les horaires de l'offre 1 ont été lus.
[2025-01-27 14:15:26] : Les informations du professionnel public 5 ont été lues.
[2025-01-27 14:15:27] : Les informations de la souscription de l'offre 4 ont été lues.
[2025-01-27 14:15:27] : Les horaires de l'offre 4 ont été lus.
[2025-01-27 14:15:27] : Les informations du professionnel public 1 ont été lues.
[2025-01-27 14:15:27] : Les informations de la souscription de l'offre 3 ont été lues.
[2025-01-27 14:15:28] : Les horaires de l'offre 3 ont été lus.
[2025-01-27 14:15:28] : Les informations de la souscription de l'offre 38 ont été lues.
[2025-01-27 14:15:29] : Les horaires de l'offre 38 ont été lus.
[2025-01-27 13:15:32] : Les informations du membre 7 ont été lues.
[2025-01-27 13:15:32] : Les informations du membre 7 ont été lues.
[2025-01-27 13:15:32] : Les informations du membre 7 ont été lues.
[2025-01-27 13:15:33] : Les informations du membre 7 ont été lues.
[2025-01-27 13:16:06] : Les informations du membre 7 ont été lues.
[2025-01-27 13:16:06] : Les informations du membre 7 ont été lues.
[2025-01-27 13:16:06] : Les informations du membre 7 ont été lues.
[2025-01-27 13:16:30] : Les informations du membre 7 ont été lues.
[2025-01-27 13:16:30] : Les informations du membre 7 ont été lues.
[2025-01-27 13:16:30] : Les informations du membre 7 ont été lues.
[2025-01-27 13:16:30] : Les informations du membre 7 ont été lues.
[2025-01-27 13:18:10] : Les informations du membre 7 ont été lues.
[2025-01-27 13:18:11] : Les informations du membre 7 ont été lues.
[2025-01-27 13:18:11] : Les informations du membre 7 ont été lues.
[2025-01-27 13:18:11] : Les informations du membre 7 ont été lues.
[2025-01-27 13:18:53] : Les informations du membre 7 ont été lues.
[2025-01-27 13:18:54] : Les informations du membre 7 ont été lues.
[2025-01-27 13:18:54] : Les informations du membre 7 ont été lues.
[2025-01-27 13:18:54] : Les informations du membre 7 ont été lues.
[2025-01-27 13:19:08] : Les informations du membre 7 ont été lues.
[2025-01-27 13:19:08] : Les informations du membre 7 ont été lues.
[2025-01-27 13:19:08] : Les informations du membre 7 ont été lues.
[2025-01-27 13:19:08] : Les informations du membre 7 ont été lues.
[2025-01-27 13:20:02] : Les informations du membre 7 ont été lues.
[2025-01-27 13:20:02] : Les informations du membre 7 ont été lues.
[2025-01-27 13:20:02] : Les informations du membre 7 ont été lues.
[2025-01-27 13:21:12] : Les informations du membre 7 ont été lues.
[2025-01-27 13:21:12] : Les informations du membre 7 ont été lues.
[2025-01-27 13:21:13] : Les informations du membre 7 ont été lues.
[2025-01-27 13:21:18] : Les informations du membre 7 ont été lues.
[2025-01-27 13:21:18] : Les informations du membre 7 ont été lues.
[2025-01-27 13:21:18] : Les informations du membre 7 ont été lues.
[2025-01-27 13:21:18] : Les informations du membre 7 ont été lues.
[2025-01-27 13:21:45] : Les informations du membre 7 ont été lues.
[2025-01-27 13:21:54] : Les informations du membre 7 ont été lues.
[2025-01-27 13:21:54] : Les informations du membre 7 ont été lues.
[2025-01-27 13:21:54] : Les informations du membre 7 ont été lues.
[2025-01-27 13:21:54] : Les informations du membre 7 ont été lues.
[2025-01-27 13:22:34] : Les informations du membre 7 ont été lues.
[2025-01-27 13:22:36] : Les informations du membre 7 ont été lues.
[2025-01-27 13:22:37] : Les informations du membre 7 ont été lues.
[2025-01-27 13:22:37] : Les informations du membre 7 ont été lues.
[2025-01-27 13:22:37] : Les informations du membre 7 ont été lues.
[2025-01-27 13:22:39] : Les informations du membre 7 ont été lues.
[2025-01-27 13:22:42] : Les informations du membre 7 ont été lues.
[2025-01-27 13:22:42] : Les informations du membre 7 ont été lues.
[2025-01-27 13:22:43] : Les informations du membre 7 ont été lues.
[2025-01-27 13:22:43] : Les informations du membre 7 ont été lues.
[2025-01-27 13:22:44] : Les informations du membre 7 ont été lues.
[2025-01-27 13:22:45] : Les informations du membre 7 ont été lues.
[2025-01-27 13:22:45] : Les informations du membre 7 ont été lues.
[2025-01-27 13:22:48] : Les informations du membre 7 ont été lues.
[2025-01-27 13:22:48] : Les informations du membre 7 ont été lues.
[2025-01-27 13:22:48] : Les informations du membre 7 ont été lues.
[2025-01-27 13:22:48] : Les informations du membre 7 ont été lues.
[2025-01-27 13:22:49] : Les informations du membre 7 ont été lues.
[2025-01-27 13:22:49] : Les informations du membre 7 ont été lues.
[2025-01-27 13:22:50] : Les informations de l'adresse 12 ont été lues.
[2025-01-27 13:22:50] : Les informations de l'adresse 12 ont été lues.
[2025-01-27 13:22:50] : Les informations du membre 7 ont été lues.
[2025-01-27 13:22:53] : Les informations du membre 7 ont été lues.
[2025-01-27 13:22:53] : Les informations du membre 7 ont été lues.
[2025-01-27 13:22:53] : Les informations du membre 7 ont été lues.
[2025-01-27 13:22:53] : Les informations du membre 7 ont été lues.
[2025-01-27 13:23:12] : Les informations du membre 7 ont été lues.
[2025-01-27 13:23:12] : Les informations du membre 7 ont été lues.
[2025-01-27 13:23:12] : Les informations du membre 7 ont été lues.
[2025-01-27 13:23:24] : Les informations du membre 7 ont été lues.
[2025-01-27 13:23:25] : Les informations du membre 7 ont été lues.
[2025-01-27 13:23:25] : Les informations du membre 7 ont été lues.
[2025-01-27 13:23:25] : Les informations du membre 7 ont été lues.
[2025-01-27 13:23:26] : Les informations du membre 7 ont été lues.
[2025-01-27 13:23:34] : Les informations du membre 7 ont été lues.
[2025-01-27 13:23:34] : Les informations du membre 7 ont été lues.
[2025-01-27 13:23:34] : Les informations du membre 7 ont été lues.
[2025-01-27 13:23:35] : Les informations du membre 7 ont été lues.
[2025-01-27 13:23:38] : Les informations du membre 7 ont été lues.
[2025-01-27 13:23:38] : Les informations du membre 7 ont été lues.
[2025-01-27 13:23:38] : Les informations de l'adresse 12 ont été lues.
[2025-01-27 13:23:39] : Les informations de l'adresse 12 ont été lues.
[2025-01-27 13:23:39] : Les informations du membre 7 ont été lues.
[2025-01-27 13:23:41] : Les informations du membre 7 ont été lues.
[2025-01-27 13:23:41] : Les informations du membre 7 ont été lues.
[2025-01-27 13:23:41] : Les informations du membre 7 ont été lues.
[2025-01-27 13:23:41] : Les informations du membre 7 ont été lues.
[2025-01-27 13:24:11] : Les informations du membre 7 ont été lues.
[2025-01-27 13:24:12] : Les informations du membre 7 ont été lues.
[2025-01-27 13:24:12] : Les informations du membre 7 ont été lues.
[2025-01-27 13:24:12] : Les informations du membre 7 ont été lues.
[2025-01-27 13:24:55] : Les informations du membre 7 ont été lues.
[2025-01-27 13:25:50] : Les informations du membre 7 ont été lues.
[2025-01-27 13:25:50] : Les informations du membre 7 ont été lues.
[2025-01-27 13:25:51] : Les informations du membre 7 ont été lues.
[2025-01-27 13:25:51] : Les informations du membre 7 ont été lues.
[2025-01-27 13:25:55] : Les informations du membre 7 ont été lues.
[2025-01-27 13:25:55] : Les informations du membre 7 ont été lues.
[2025-01-27 13:25:55] : Les informations du membre 7 ont été lues.
[2025-01-27 13:25:58] : Les informations du membre 7 ont été lues.
[2025-01-27 13:25:58] : Les informations du membre 7 ont été lues.
[2025-01-27 13:25:58] : Les informations du membre 7 ont été lues.
[2025-01-27 13:25:58] : Les informations du membre 7 ont été lues.
[2025-01-27 13:26:00] : Les informations du membre 7 ont été lues.
[2025-01-27 13:27:47] : Les informations du membre 7 ont été lues.
[2025-01-27 13:32:24] : Les informations du membre 7 ont été lues.
[2025-01-27 13:32:29] : Les informations de la souscription de l'offre 1 ont été lues.
[2025-01-27 13:32:29] : Les horaires de l'offre 1 ont été lus.
[2025-01-27 14:32:30] : Les informations de la souscription de l'offre 37 ont été lues.
[2025-01-27 14:32:30] : Les horaires de l'offre 37 ont été lus.
[2025-01-27 14:32:31] : Les informations de la souscription de l'offre 38 ont été lues.
[2025-01-27 14:32:31] : Les horaires de l'offre 38 ont été lus.
[2025-01-27 14:32:34] : Les informations de la souscription de l'offre 1 ont été lues.
[2025-01-27 14:32:34] : Les horaires de l'offre 1 ont été lus.
[2025-01-27 14:32:34] : Les informations du professionnel public 5 ont été lues.
[2025-01-27 14:32:34] : Les informations de la souscription de l'offre 4 ont été lues.
[2025-01-27 14:32:35] : Les horaires de l'offre 4 ont été lus.
[2025-01-27 14:32:35] : Les informations du professionnel public 1 ont été lues.
[2025-01-27 14:32:35] : Les informations de la souscription de l'offre 3 ont été lues.
[2025-01-27 14:32:35] : Les horaires de l'offre 3 ont été lus.
[2025-01-27 14:32:36] : Les informations de la souscription de l'offre 38 ont été lues.
[2025-01-27 14:32:36] : Les horaires de l'offre 38 ont été lus.
[2025-01-27 13:32:53] : Les informations de la souscription de l'offre 10 ont été lues.
[2025-01-27 13:32:53] : Les horaires de l'offre 10 ont été lus.
[2025-01-27 14:32:54] : Les tags de l'offre 10 ont été lus.
[2025-01-27 14:32:54] : Les informations du tag 3 ont été lues.
[2025-01-27 14:32:54] : Les informations du tag 7 ont été lues.
[2025-01-27 14:32:54] : Les informations de la souscription de l'offre 10 ont été lues.
[2025-01-27 14:32:55] : Les informations de la souscription de l'offre 2 ont été lues.
[2025-01-27 14:32:55] : Les horaires de l'offre 2 ont été lus.
[2025-01-27 14:32:56] : Les tags de l'offre 2 ont été lus.
[2025-01-27 14:32:56] : Les informations du tag 1 ont été lues.
[2025-01-27 14:32:56] : Les informations du tag 2 ont été lues.
[2025-01-27 14:32:56] : Les informations du tag 3 ont été lues.
[2025-01-27 14:32:56] : Les informations du tag 4 ont été lues.
[2025-01-27 14:32:56] : Les informations du tag 5 ont été lues.
[2025-01-27 14:32:56] : Les informations du tag 6 ont été lues.
[2025-01-27 14:32:56] : Les informations du tag 7 ont été lues.
[2025-01-27 14:32:56] : Les informations du tag 8 ont été lues.
[2025-01-27 14:32:57] : Les informations du tag 9 ont été lues.
[2025-01-27 14:32:57] : Les informations du tag 10 ont été lues.
[2025-01-27 14:32:57] : Les informations de la souscription de l'offre 2 ont été lues.
[2025-01-27 14:32:57] : Les avis non vus du pro 4 ont été lus.
[2025-01-27 13:57:48] : Les informations de la souscription de l'offre 1 ont été lues.
[2025-01-27 13:57:48] : Les horaires de l'offre 1 ont été lus.
[2025-01-27 14:57:50] : Les informations de la souscription de l'offre 37 ont été lues.
[2025-01-27 14:57:50] : Les horaires de l'offre 37 ont été lus.
[2025-01-27 14:57:51] : Les informations de la souscription de l'offre 38 ont été lues.
[2025-01-27 14:57:51] : Les horaires de l'offre 38 ont été lus.
[2025-01-27 14:57:54] : Les informations de la souscription de l'offre 1 ont été lues.
[2025-01-27 14:57:55] : Les horaires de l'offre 1 ont été lus.
[2025-01-27 14:57:57] : Les informations du professionnel public 5 ont été lues.
[2025-01-27 14:57:57] : Les informations de la souscription de l'offre 4 ont été lues.
[2025-01-27 14:58:01] : Les horaires de l'offre 4 ont été lus.
[2025-01-27 14:58:01] : Les informations du professionnel public 1 ont été lues.
[2025-01-27 14:58:02] : Les informations de la souscription de l'offre 3 ont été lues.
[2025-01-27 14:58:03] : Les horaires de l'offre 3 ont été lus.
[2025-01-27 14:58:07] : Les informations de la souscription de l'offre 38 ont été lues.
[2025-01-27 14:58:07] : Les horaires de l'offre 38 ont été lus.
[2025-01-27 13:58:19] : Les informations de la souscription de l'offre 1 ont été lues.
[2025-01-27 13:58:19] : Les horaires de l'offre 1 ont été lus.
[2025-01-27 14:58:21] : Les informations de la souscription de l'offre 37 ont été lues.
[2025-01-27 14:58:21] : Les horaires de l'offre 37 ont été lus.
[2025-01-27 14:58:22] : Les informations de la souscription de l'offre 38 ont été lues.
[2025-01-27 14:58:22] : Les horaires de l'offre 38 ont été lus.
[2025-01-27 14:58:24] : Les informations de la souscription de l'offre 1 ont été lues.
[2025-01-27 14:58:24] : Les horaires de l'offre 1 ont été lus.
[2025-01-27 14:58:25] : Les informations du professionnel public 5 ont été lues.
[2025-01-27 14:58:25] : Les informations de la souscription de l'offre 4 ont été lues.
[2025-01-27 14:58:25] : Les horaires de l'offre 4 ont été lus.
[2025-01-27 14:58:25] : Les informations du professionnel public 1 ont été lues.
[2025-01-27 14:58:26] : Les informations de la souscription de l'offre 3 ont été lues.
[2025-01-27 14:58:26] : Les horaires de l'offre 3 ont été lus.
[2025-01-27 14:58:27] : Les informations de la souscription de l'offre 38 ont été lues.
[2025-01-27 14:58:27] : Les horaires de l'offre 38 ont été lus.
[2025-01-27 13:58:31] : Les informations du membre 7 ont été lues.
[2025-01-27 13:58:31] : Les informations du membre 7 ont été lues.
[2025-01-27 13:58:31] : Les informations du membre 7 ont été lues.
[2025-01-27 13:58:31] : Les informations du membre 7 ont été lues.
[2025-01-27 13:58:36] : Les informations du membre 7 ont été lues.
[2025-01-27 13:59:11] : Les informations du membre 7 ont été lues.
[2025-01-27 13:59:35] : Les informations du membre 7 ont été lues.
